<?xml version="1.0" encoding="UTF-8"?>
<robot generator="Robot 4.1.2 (Python 3.10.0 on win32)" generated="20220207 20:22:46.850" rpa="false" schemaversion="2">
<suite id="s1" name="Inicial" source="C:\Estudo\teste\Robotframework_aula_01_22\inicial.robot">
<test id="s1-t1" name="Test case 1 - abrir navegador no google">
<kw name="Dado que eu abra o navegador">
<kw name="Open Browser" library="SeleniumLibrary">
<arg>url:</arg>
<arg>${NAVEGADOR}</arg>
<doc>Opens a new browser instance to the optional ``url``.</doc>
<msg timestamp="20220207 20:22:47.412" level="INFO">Opening browser 'chrome' to base url 'url:'.</msg>
<status status="PASS" starttime="20220207 20:22:47.412" endtime="20220207 20:22:49.169"/>
</kw>
<status status="PASS" starttime="20220207 20:22:47.412" endtime="20220207 20:22:49.169"/>
</kw>
<kw name="Quando a pagina google e exibida">
<kw name="Go To" library="SeleniumLibrary">
<arg>http://google.com.br</arg>
<doc>Navigates the current browser window to the provided ``url``.</doc>
<msg timestamp="20220207 20:22:49.188" level="INFO">Opening url 'http://google.com.br'</msg>
<status status="PASS" starttime="20220207 20:22:49.188" endtime="20220207 20:22:50.687"/>
</kw>
<status status="PASS" starttime="20220207 20:22:49.187" endtime="20220207 20:22:50.687"/>
</kw>
<kw name="Então o navegador é fechado">
<kw name="Close Browser" library="SeleniumLibrary">
<doc>Closes the current browser.</doc>
<status status="PASS" starttime="20220207 20:22:50.689" endtime="20220207 20:22:53.069"/>
</kw>
<status status="PASS" starttime="20220207 20:22:50.688" endtime="20220207 20:22:53.069"/>
</kw>
<status status="PASS" starttime="20220207 20:22:47.411" endtime="20220207 20:22:53.070"/>
</test>
<status status="PASS" starttime="20220207 20:22:46.852" endtime="20220207 20:22:53.072"/>
</suite>
<statistics>
<total>
<stat pass="1" fail="0" skip="0">All Tests</stat>
</total>
<tag>
</tag>
<suite>
<stat pass="1" fail="0" skip="0" id="s1" name="Inicial">Inicial</stat>
</suite>
</statistics>
<errors>
</errors>
</robot>
