<?xml version="1.0" encoding="UTF-8"?>
<robot generator="Robot 4.1.3 (Python 3.9.7 on win32)" generated="20220223 18:45:26.168" rpa="false" schemaversion="2">
<suite id="s1" name="Test-Case" source="C:\Users\T&amp;T\Desktop\Aulas\QA\Avançado\Robotframework_aula_01_22\test-case">
<suite id="s1-s1" name="pesquisarProduto" source="C:\Users\T&amp;T\Desktop\Aulas\QA\Avançado\Robotframework_aula_01_22\test-case\pesquisarProduto.robot">
<test id="s1-s1-t1" name="Test case 1 - Pesquisar produto existente">
<kw name="Que Esteja no site http://automationpractice.com/index.php" library="automationHome">
<kw name="Open Browser" library="SeleniumLibrary">
<arg>${url}</arg>
<arg>${browser}</arg>
<doc>Opens a new browser instance to the optional ``url``.</doc>
<msg timestamp="20220223 18:45:26.676" level="INFO">Opening browser 'chrome' to base url 'http://automationpractice.com/index.php'.</msg>
<status status="PASS" starttime="20220223 18:45:26.676" endtime="20220223 18:45:35.928"/>
</kw>
<status status="PASS" starttime="20220223 18:45:26.676" endtime="20220223 18:45:35.928"/>
</kw>
<kw name="Pesquiso um produto em Search existente" library="automationHome">
<kw name="Input Text" library="SeleniumLibrary">
<arg>${input_search}</arg>
<arg>${product}</arg>
<doc>Types the given ``text`` into the text field identified by ``locator``.</doc>
<msg timestamp="20220223 18:45:35.929" level="INFO">Typing text 'dress' into text field '//input[@placeholder="Search"]'.</msg>
<status status="PASS" starttime="20220223 18:45:35.929" endtime="20220223 18:45:36.047"/>
</kw>
<status status="PASS" starttime="20220223 18:45:35.928" endtime="20220223 18:45:36.047"/>
</kw>
<kw name="Pesquiso o produto" library="automationHome">
<kw name="Click Element" library="SeleniumLibrary">
<arg>${button_submit}</arg>
<doc>Click the element identified by ``locator``.</doc>
<msg timestamp="20220223 18:45:36.048" level="INFO">Clicking element '//button[@name="submit_search"]'.</msg>
<status status="PASS" starttime="20220223 18:45:36.048" endtime="20220223 18:45:37.438"/>
</kw>
<status status="PASS" starttime="20220223 18:45:36.048" endtime="20220223 18:45:37.438"/>
</kw>
<kw name="Site deverá trazer os produtos pesquisados" library="automationHome">
<kw name="Wait Until Element Is Visible" library="SeleniumLibrary">
<arg>${validation}</arg>
<arg>5</arg>
<doc>Waits until the element ``locator`` is visible.</doc>
<status status="PASS" starttime="20220223 18:45:37.439" endtime="20220223 18:45:37.462"/>
</kw>
<kw name="Element Should Be Visible" library="SeleniumLibrary">
<arg>${validation}</arg>
<doc>Verifies that the element identified by ``locator`` is visible.</doc>
<msg timestamp="20220223 18:45:37.478" level="INFO">Element '//img[contains(@alt,'Dress')]' is displayed.</msg>
<status status="PASS" starttime="20220223 18:45:37.462" endtime="20220223 18:45:37.478"/>
</kw>
<kw name="Close Browser" library="SeleniumLibrary">
<doc>Closes the current browser.</doc>
<status status="PASS" starttime="20220223 18:45:37.478" endtime="20220223 18:45:39.576"/>
</kw>
<status status="PASS" starttime="20220223 18:45:37.438" endtime="20220223 18:45:39.576"/>
</kw>
<tag>regressivo</tag>
<status status="PASS" starttime="20220223 18:45:26.670" endtime="20220223 18:45:39.576"/>
</test>
<status status="PASS" starttime="20220223 18:45:26.234" endtime="20220223 18:45:39.578"/>
</suite>
<status status="PASS" starttime="20220223 18:45:26.168" endtime="20220223 18:45:39.580"/>
</suite>
<statistics>
<total>
<stat pass="1" fail="0" skip="0">All Tests</stat>
</total>
<tag>
<stat pass="1" fail="0" skip="0">regressivo</stat>
</tag>
<suite>
<stat pass="1" fail="0" skip="0" id="s1" name="Test-Case">Test-Case</stat>
<stat pass="1" fail="0" skip="0" id="s1-s1" name="pesquisarProduto">Test-Case.pesquisarProduto</stat>
</suite>
</statistics>
<errors>
</errors>
</robot>
