<?xml version="1.0" encoding="UTF-8"?>
<robot generator="Robot 4.1.3 (Python 3.9.7 on win32)" generated="20220222 22:10:41.119" rpa="false" schemaversion="2">
<suite id="s1" name="Test-Case" source="C:\Users\T&amp;T\Desktop\Aulas\QA\Avançado\Robotframework_aula_01_22\test-case">
<suite id="s1-s1" name="PesquisarProduto" source="C:\Users\T&amp;T\Desktop\Aulas\QA\Avançado\Robotframework_aula_01_22\test-case\PesquisarProduto.robot">
<test id="s1-s1-t1" name="Test case 1 - Pesquisar produto existente">
<kw name="Que Esteja no site http://automationpractice.com/index.php" library="automationHome">
<msg timestamp="20220222 22:10:41.342" level="FAIL">Keyword with same name defined multiple times.</msg>
<status status="FAIL" starttime="20220222 22:10:41.342" endtime="20220222 22:10:41.342"/>
</kw>
<kw name="Pesquiso um produto em Search existente" library="automationHome">
<status status="NOT RUN" starttime="20220222 22:10:41.342" endtime="20220222 22:10:41.342"/>
</kw>
<kw name="Pesquiso o produto" library="automationHome">
<status status="NOT RUN" starttime="20220222 22:10:41.343" endtime="20220222 22:10:41.343"/>
</kw>
<kw name="Site deverá trazer os produtos pesquisados" library="automationHome">
<status status="NOT RUN" starttime="20220222 22:10:41.343" endtime="20220222 22:10:41.343"/>
</kw>
<tag>regressivo</tag>
<status status="FAIL" starttime="20220222 22:10:41.341" endtime="20220222 22:10:41.344">Keyword with same name defined multiple times.</status>
</test>
<status status="FAIL" starttime="20220222 22:10:41.147" endtime="20220222 22:10:41.345"/>
</suite>
<status status="FAIL" starttime="20220222 22:10:41.121" endtime="20220222 22:10:41.347"/>
</suite>
<statistics>
<total>
<stat pass="0" fail="1" skip="0">All Tests</stat>
</total>
<tag>
<stat pass="0" fail="1" skip="0">regressivo</stat>
</tag>
<suite>
<stat pass="0" fail="1" skip="0" id="s1" name="Test-Case">Test-Case</stat>
<stat pass="0" fail="1" skip="0" id="s1-s1" name="PesquisarProduto">Test-Case.PesquisarProduto</stat>
</suite>
</statistics>
<errors>
<msg timestamp="20220222 22:10:41.151" level="ERROR">Error in resource file 'C:\Users\T&amp;T\Desktop\Aulas\QA\Avançado\Robotframework_aula_01_22\resource\automationHome.robot': Creating keyword 'Que Esteja no site http://automationpractice.com/index.php' failed: Keyword with same name defined multiple times.</msg>
</errors>
</robot>
